0 info it worked if it ends with ok
1 verbose cli [ '/Users/txu/.nvm/versions/node/v4.4.4/bin/node',
1 verbose cli   '/Users/txu/.nvm/versions/node/v4.4.4/bin/npm',
1 verbose cli   'run',
1 verbose cli   'dev' ]
2 info using npm@3.10.9
3 info using node@v4.4.4
4 verbose run-script [ 'predev', 'dev', 'postdev' ]
5 info lifecycle react-hello@1.0.0~predev: react-hello@1.0.0
6 silly lifecycle react-hello@1.0.0~predev: no script for predev, continuing
7 info lifecycle react-hello@1.0.0~dev: react-hello@1.0.0
8 verbose lifecycle react-hello@1.0.0~dev: unsafe-perm in lifecycle true
9 verbose lifecycle react-hello@1.0.0~dev: PATH: /Users/txu/.nvm/versions/node/v4.4.4/lib/node_modules/npm/bin/node-gyp-bin:/Users/txu/TECHFUN/react-hello/node_modules/.bin:/Users/txu/.rvm/gems/ruby-2.2.2/bin:/Users/txu/.rvm/gems/ruby-2.2.2@global/bin:/Users/txu/.rvm/rubies/ruby-2.2.2/bin:/Users/txu/.nvm/versions/node/v4.4.4/bin:/usr/local/bin:/usr/bin:/bin:/usr/sbin:/sbin:/Users/txu/.rvm/bin
10 verbose lifecycle react-hello@1.0.0~dev: CWD: /Users/txu/TECHFUN/react-hello
11 silly lifecycle react-hello@1.0.0~dev: Args: [ '-c', 'webpack -d --watch' ]
12 silly lifecycle react-hello@1.0.0~dev: Returned: code: 2  signal: null
13 info lifecycle react-hello@1.0.0~dev: Failed to exec dev script
14 verbose stack Error: react-hello@1.0.0 dev: `webpack -d --watch`
14 verbose stack Exit status 2
14 verbose stack     at EventEmitter.<anonymous> (/Users/txu/.nvm/versions/node/v4.4.4/lib/node_modules/npm/lib/utils/lifecycle.js:255:16)
14 verbose stack     at emitTwo (events.js:87:13)
14 verbose stack     at EventEmitter.emit (events.js:172:7)
14 verbose stack     at ChildProcess.<anonymous> (/Users/txu/.nvm/versions/node/v4.4.4/lib/node_modules/npm/lib/utils/spawn.js:40:14)
14 verbose stack     at emitTwo (events.js:87:13)
14 verbose stack     at ChildProcess.emit (events.js:172:7)
14 verbose stack     at maybeClose (internal/child_process.js:827:16)
14 verbose stack     at Process.ChildProcess._handle.onexit (internal/child_process.js:211:5)
15 verbose pkgid react-hello@1.0.0
16 verbose cwd /Users/txu/TECHFUN/react-hello
17 error Darwin 15.6.0
18 error argv "/Users/txu/.nvm/versions/node/v4.4.4/bin/node" "/Users/txu/.nvm/versions/node/v4.4.4/bin/npm" "run" "dev"
19 error node v4.4.4
20 error npm  v3.10.9
21 error code ELIFECYCLE
22 error react-hello@1.0.0 dev: `webpack -d --watch`
22 error Exit status 2
23 error Failed at the react-hello@1.0.0 dev script 'webpack -d --watch'.
23 error Make sure you have the latest version of node.js and npm installed.
23 error If you do, this is most likely a problem with the react-hello package,
23 error not with npm itself.
23 error Tell the author that this fails on your system:
23 error     webpack -d --watch
23 error You can get information on how to open an issue for this project with:
23 error     npm bugs react-hello
23 error Or if that isn't available, you can get their info via:
23 error     npm owner ls react-hello
23 error There is likely additional logging output above.
24 verbose exit [ 1, true ]
